z:\projects\sgl\sgl\debug\vc140.pdb
z:\projects\sgl\sgl\debug\vc140.idb
z:\projects\sgl\sgl\debug\camera.obj
z:\projects\sgl\sgl\debug\mesh.obj
z:\projects\sgl\sgl\debug\model.obj
z:\projects\sgl\sgl\debug\shader.obj
z:\projects\sgl\sgl\debug\skybox.obj
z:\projects\sgl\sgl\debug\terrain.obj
z:\projects\sgl\sgl\debug\texture.obj
z:\projects\sgl\sgl\debug\main.obj
z:\projects\sgl\sgl\debug\vbohelper.obj
z:\projects\sgl\debug\sgl.ilk
z:\projects\sgl\debug\sgl.exe
z:\projects\sgl\debug\sgl.pdb
z:\projects\sgl\sgl\debug\sgl.tlog\cl.command.1.tlog
z:\projects\sgl\sgl\debug\sgl.tlog\cl.read.1.tlog
z:\projects\sgl\sgl\debug\sgl.tlog\cl.write.1.tlog
z:\projects\sgl\sgl\debug\sgl.tlog\link.command.1.tlog
z:\projects\sgl\sgl\debug\sgl.tlog\link.read.1.tlog
z:\projects\sgl\sgl\debug\sgl.tlog\link.write.1.tlog
